<?xml version="1.0" encoding="UTF-8"?>
<testng-results ignored="0" total="0" passed="0" failed="0" skipped="0">
  <reporter-output>
  </reporter-output>
  <suite started-at="2025-03-22T12:27:05 IST" name="Suite" finished-at="2025-03-22T12:27:05 IST" duration-ms="140">
    <groups>
    </groups>
    <test started-at="2025-03-22T12:27:05 IST" name="Test1" finished-at="2025-03-22T12:27:05 IST" duration-ms="18">
    </test> <!-- Test1 -->
    <test started-at="2025-03-22T12:27:05 IST" name="Test2" finished-at="2025-03-22T12:27:05 IST" duration-ms="1">
    </test> <!-- Test2 -->
    <test started-at="2025-03-22T12:27:05 IST" name="Test3" finished-at="2025-03-22T12:27:05 IST" duration-ms="1">
    </test> <!-- Test3 -->
  </suite> <!-- Suite -->
</testng-results>
